<?xml version="1.0" encoding="UTF-8"?>
<!-- Generated by org.testng.reporters.JUnitReportReporter -->
<testsuite hostname="sandra-VirtualBox" name="com.example.maven.calculator_sandra_b.FromMetersTest" tests="21" failures="0" timestamp="17 Dec 2017 13:31:36 GMT" time="0.890" errors="0">
  <testcase name="testMeterToMileWithZero" time="0.099" classname="com.example.maven.calculator_sandra_b.FromMetersTest"/>
  <testcase name="testMeterToYardSubtract" time="0.054" classname="com.example.maven.calculator_sandra_b.FromMetersTest"/>
  <testcase name="testMeterToInch" time="0.031" classname="com.example.maven.calculator_sandra_b.FromMetersTest"/>
  <testcase name="testMeterToYardWithZero" time="0.017" classname="com.example.maven.calculator_sandra_b.FromMetersTest"/>
  <testcase name="testMeterToCm" time="0.040" classname="com.example.maven.calculator_sandra_b.FromMetersTest"/>
  <testcase name="testMeterToMmWithZero" time="0.028" classname="com.example.maven.calculator_sandra_b.FromMetersTest"/>
  <testcase name="testMeterToMm" time="0.011" classname="com.example.maven.calculator_sandra_b.FromMetersTest"/>
  <testcase name="testMeterToKm" time="0.013" classname="com.example.maven.calculator_sandra_b.FromMetersTest"/>
  <testcase name="testMeterToFoot" time="0.042" classname="com.example.maven.calculator_sandra_b.FromMetersTest"/>
  <testcase name="testMeterToCmWithZero" time="0.078" classname="com.example.maven.calculator_sandra_b.FromMetersTest"/>
  <testcase name="testMeterToKmSubtract" time="0.011" classname="com.example.maven.calculator_sandra_b.FromMetersTest"/>
  <testcase name="testMeterToInchWithZero" time="0.013" classname="com.example.maven.calculator_sandra_b.FromMetersTest"/>
  <testcase name="testMeterToMmSubtract" time="0.016" classname="com.example.maven.calculator_sandra_b.FromMetersTest"/>
  <testcase name="testMeterToKmWithZero" time="0.008" classname="com.example.maven.calculator_sandra_b.FromMetersTest"/>
  <testcase name="testMeterToMileSubtract" time="0.032" classname="com.example.maven.calculator_sandra_b.FromMetersTest"/>
  <testcase name="testMeterToMile" time="0.042" classname="com.example.maven.calculator_sandra_b.FromMetersTest"/>
  <testcase name="testMeterToFootSubtract" time="0.024" classname="com.example.maven.calculator_sandra_b.FromMetersTest"/>
  <testcase name="testMeterToInchSubtract" time="0.037" classname="com.example.maven.calculator_sandra_b.FromMetersTest"/>
  <testcase name="testMeterToCmSubtract" time="0.224" classname="com.example.maven.calculator_sandra_b.FromMetersTest"/>
  <testcase name="testMeterToYard" time="0.049" classname="com.example.maven.calculator_sandra_b.FromMetersTest"/>
  <testcase name="testMeterToFootWithZero" time="0.021" classname="com.example.maven.calculator_sandra_b.FromMetersTest"/>
</testsuite> <!-- com.example.maven.calculator_sandra_b.FromMetersTest -->
